<?xml version="1.0" encoding="UTF-8"?>
<!-- Generated by org.testng.reporters.JUnitReportReporter -->
<testsuite name="riyaproject.AppTest" tests="1" time="0.076" ignored="0" failures="0" timestamp="14 May 2017 06:08:43 GMT" skipped="0" hostname="RIYA" errors="0">
  <testcase name="sendmail" time="0.076" classname="riyaproject.AppTest"/>
</testsuite> <!-- riyaproject.AppTest -->
