<?xml version="1.0" encoding="UTF-8"?>
<!-- Generated by org.testng.reporters.JUnitReportReporter -->
<testsuite hostname="RIYA" name="riyaproject.AppTest" tests="1" failures="0" timestamp="15 May 2017 17:53:38 GMT" time="0.033" errors="0">
  <testcase name="sendmail" time="0.033" classname="riyaproject.AppTest"/>
</testsuite> <!-- riyaproject.AppTest -->
